17-Jan-2025 20:41:47.267 INFO [main] org.apache.catalina.startup.VersionLoggerListener.log Server version name:   Apache Tomcat/10.1.34
17-Jan-2025 20:41:47.449 INFO [main] org.apache.catalina.startup.VersionLoggerListener.log Server built:          Dec 5 2024 16:01:16 UTC
17-Jan-2025 20:41:47.451 INFO [main] org.apache.catalina.startup.VersionLoggerListener.log Server version number: 10.1.34.0
17-Jan-2025 20:41:47.453 INFO [main] org.apache.catalina.startup.VersionLoggerListener.log OS Name:               Windows 11
17-Jan-2025 20:41:47.467 INFO [main] org.apache.catalina.startup.VersionLoggerListener.log OS Version:            10.0
17-Jan-2025 20:41:47.468 INFO [main] org.apache.catalina.startup.VersionLoggerListener.log Architecture:          amd64
17-Jan-2025 20:41:47.468 INFO [main] org.apache.catalina.startup.VersionLoggerListener.log Java Home:             G:\Program Files\Java\jdk-17.0.8
17-Jan-2025 20:41:47.469 INFO [main] org.apache.catalina.startup.VersionLoggerListener.log JVM Version:           17.0.8+9-LTS-211
17-Jan-2025 20:41:47.469 INFO [main] org.apache.catalina.startup.VersionLoggerListener.log JVM Vendor:            Oracle Corporation
17-Jan-2025 20:41:47.470 INFO [main] org.apache.catalina.startup.VersionLoggerListener.log CATALINA_BASE:         E:\backup\classes\102-spring boot\apache-tomcat-10.1.34
17-Jan-2025 20:41:47.480 INFO [main] org.apache.catalina.startup.VersionLoggerListener.log CATALINA_HOME:         E:\backup\classes\102-spring boot\apache-tomcat-10.1.34
17-Jan-2025 20:41:47.512 INFO [main] org.apache.catalina.startup.VersionLoggerListener.log Command line argument: -Djava.util.logging.config.file=E:\backup\classes\102-spring boot\apache-tomcat-10.1.34\conf\logging.properties
17-Jan-2025 20:41:47.513 INFO [main] org.apache.catalina.startup.VersionLoggerListener.log Command line argument: -Djava.util.logging.manager=org.apache.juli.ClassLoaderLogManager
17-Jan-2025 20:41:47.514 INFO [main] org.apache.catalina.startup.VersionLoggerListener.log Command line argument: -Djdk.tls.ephemeralDHKeySize=2048
17-Jan-2025 20:41:47.516 INFO [main] org.apache.catalina.startup.VersionLoggerListener.log Command line argument: -Djava.protocol.handler.pkgs=org.apache.catalina.webresources
17-Jan-2025 20:41:47.517 INFO [main] org.apache.catalina.startup.VersionLoggerListener.log Command line argument: --add-opens=java.base/java.lang=ALL-UNNAMED
17-Jan-2025 20:41:47.519 INFO [main] org.apache.catalina.startup.VersionLoggerListener.log Command line argument: --add-opens=java.base/java.io=ALL-UNNAMED
17-Jan-2025 20:41:47.528 INFO [main] org.apache.catalina.startup.VersionLoggerListener.log Command line argument: --add-opens=java.base/java.util=ALL-UNNAMED
17-Jan-2025 20:41:47.528 INFO [main] org.apache.catalina.startup.VersionLoggerListener.log Command line argument: --add-opens=java.base/java.util.concurrent=ALL-UNNAMED
17-Jan-2025 20:41:47.530 INFO [main] org.apache.catalina.startup.VersionLoggerListener.log Command line argument: --add-opens=java.rmi/sun.rmi.transport=ALL-UNNAMED
17-Jan-2025 20:41:47.531 INFO [main] org.apache.catalina.startup.VersionLoggerListener.log Command line argument: -Dcatalina.base=E:\backup\classes\102-spring boot\apache-tomcat-10.1.34
17-Jan-2025 20:41:47.532 INFO [main] org.apache.catalina.startup.VersionLoggerListener.log Command line argument: -Dcatalina.home=E:\backup\classes\102-spring boot\apache-tomcat-10.1.34
17-Jan-2025 20:41:47.532 INFO [main] org.apache.catalina.startup.VersionLoggerListener.log Command line argument: -Djava.io.tmpdir=E:\backup\classes\102-spring boot\apache-tomcat-10.1.34\temp
17-Jan-2025 20:41:47.692 INFO [main] org.apache.catalina.core.AprLifecycleListener.lifecycleEvent Loaded Apache Tomcat Native library [2.0.8] using APR version [1.7.4].
17-Jan-2025 20:41:47.753 INFO [main] org.apache.catalina.core.AprLifecycleListener.initializeSSL OpenSSL successfully initialized [OpenSSL 3.0.14 4 Jun 2024]
17-Jan-2025 20:41:49.847 INFO [main] org.apache.coyote.AbstractProtocol.init Initializing ProtocolHandler ["http-nio-8080"]
17-Jan-2025 20:41:50.151 INFO [main] org.apache.catalina.startup.Catalina.load Server initialization in [4284] milliseconds
17-Jan-2025 20:41:50.507 INFO [main] org.apache.catalina.core.StandardService.startInternal Starting service [Catalina]
17-Jan-2025 20:41:50.508 INFO [main] org.apache.catalina.core.StandardEngine.startInternal Starting Servlet engine: [Apache Tomcat/10.1.34]
17-Jan-2025 20:41:50.554 INFO [main] org.apache.catalina.startup.HostConfig.deployDirectory Deploying web application directory [E:\backup\classes\102-spring boot\apache-tomcat-10.1.34\webapps\docs]
17-Jan-2025 20:41:51.776 WARNING [main] org.apache.catalina.util.SessionIdGeneratorBase.createSecureRandom Creation of SecureRandom instance for session ID generation using [SHA1PRNG] took [108] milliseconds.
17-Jan-2025 20:41:51.927 INFO [main] org.apache.catalina.startup.HostConfig.deployDirectory Deployment of web application directory [E:\backup\classes\102-spring boot\apache-tomcat-10.1.34\webapps\docs] has finished in [1,373] ms
17-Jan-2025 20:41:51.933 INFO [main] org.apache.catalina.startup.HostConfig.deployDirectory Deploying web application directory [E:\backup\classes\102-spring boot\apache-tomcat-10.1.34\webapps\examples]
17-Jan-2025 20:41:54.347 INFO [main] org.apache.catalina.startup.HostConfig.deployDirectory Deployment of web application directory [E:\backup\classes\102-spring boot\apache-tomcat-10.1.34\webapps\examples] has finished in [2,414] ms
17-Jan-2025 20:41:54.349 INFO [main] org.apache.catalina.startup.HostConfig.deployDirectory Deploying web application directory [E:\backup\classes\102-spring boot\apache-tomcat-10.1.34\webapps\host-manager]
17-Jan-2025 20:41:54.738 INFO [main] org.apache.catalina.startup.HostConfig.deployDirectory Deployment of web application directory [E:\backup\classes\102-spring boot\apache-tomcat-10.1.34\webapps\host-manager] has finished in [390] ms
17-Jan-2025 20:41:54.739 INFO [main] org.apache.catalina.startup.HostConfig.deployDirectory Deploying web application directory [E:\backup\classes\102-spring boot\apache-tomcat-10.1.34\webapps\manager]
17-Jan-2025 20:41:55.039 INFO [main] org.apache.catalina.startup.HostConfig.deployDirectory Deployment of web application directory [E:\backup\classes\102-spring boot\apache-tomcat-10.1.34\webapps\manager] has finished in [295] ms
17-Jan-2025 20:41:55.041 INFO [main] org.apache.catalina.startup.HostConfig.deployDirectory Deploying web application directory [E:\backup\classes\102-spring boot\apache-tomcat-10.1.34\webapps\ROOT]
17-Jan-2025 20:41:55.223 INFO [main] org.apache.catalina.startup.HostConfig.deployDirectory Deployment of web application directory [E:\backup\classes\102-spring boot\apache-tomcat-10.1.34\webapps\ROOT] has finished in [182] ms
17-Jan-2025 20:41:55.264 INFO [main] org.apache.coyote.AbstractProtocol.start Starting ProtocolHandler ["http-nio-8080"]
17-Jan-2025 20:41:55.616 INFO [main] org.apache.catalina.startup.Catalina.start Server startup in [5457] milliseconds
17-Jan-2025 20:51:36.560 INFO [Catalina-utility-2] org.apache.catalina.users.MemoryUserDatabase.backgroundProcess Reloading memory user database [UserDatabase] from updated source [file:/E:/backup/classes/102-spring%20boot/apache-tomcat-10.1.34/conf/tomcat-users.xml]
17-Jan-2025 20:51:36.614 SEVERE [Catalina-utility-2] org.apache.tomcat.util.digester.Digester.fatalError Parse fatal error at line [55] column [35]
	org.xml.sax.SAXParseException; lineNumber: 55; columnNumber: 35; The value of attribute "password" associated with an element type "user" must not contain the '<' character.
		at java.xml/com.sun.org.apache.xerces.internal.util.ErrorHandlerWrapper.createSAXParseException(ErrorHandlerWrapper.java:204)
		at java.xml/com.sun.org.apache.xerces.internal.util.ErrorHandlerWrapper.fatalError(ErrorHandlerWrapper.java:178)
		at java.xml/com.sun.org.apache.xerces.internal.impl.XMLErrorReporter.reportError(XMLErrorReporter.java:400)
		at java.xml/com.sun.org.apache.xerces.internal.impl.XMLErrorReporter.reportError(XMLErrorReporter.java:327)
		at java.xml/com.sun.org.apache.xerces.internal.impl.XMLScanner.reportFatalError(XMLScanner.java:1465)
		at java.xml/com.sun.org.apache.xerces.internal.impl.XMLScanner.scanAttributeValue(XMLScanner.java:943)
		at java.xml/com.sun.org.apache.xerces.internal.impl.XMLDocumentFragmentScannerImpl.scanAttribute(XMLDocumentFragmentScannerImpl.java:1522)
		at java.xml/com.sun.org.apache.xerces.internal.impl.XMLDocumentFragmentScannerImpl.scanStartElement(XMLDocumentFragmentScannerImpl.java:1363)
		at java.xml/com.sun.org.apache.xerces.internal.impl.XMLDocumentFragmentScannerImpl$FragmentContentDriver.next(XMLDocumentFragmentScannerImpl.java:2726)
		at java.xml/com.sun.org.apache.xerces.internal.impl.XMLDocumentScannerImpl.next(XMLDocumentScannerImpl.java:605)
		at java.xml/com.sun.org.apache.xerces.internal.impl.XMLDocumentFragmentScannerImpl.scanDocument(XMLDocumentFragmentScannerImpl.java:542)
		at java.xml/com.sun.org.apache.xerces.internal.parsers.XML11Configuration.parse(XML11Configuration.java:889)
		at java.xml/com.sun.org.apache.xerces.internal.parsers.XML11Configuration.parse(XML11Configuration.java:825)
		at java.xml/com.sun.org.apache.xerces.internal.parsers.XMLParser.parse(XMLParser.java:141)
		at java.xml/com.sun.org.apache.xerces.internal.parsers.AbstractSAXParser.parse(AbstractSAXParser.java:1224)
		at java.xml/com.sun.org.apache.xerces.internal.jaxp.SAXParserImpl$JAXPSAXParser.parse(SAXParserImpl.java:637)
		at org.apache.tomcat.util.digester.Digester.parse(Digester.java:1546)
		at org.apache.catalina.users.MemoryUserDatabase.open(MemoryUserDatabase.java:376)
		at org.apache.catalina.users.MemoryUserDatabase.backgroundProcess(MemoryUserDatabase.java:630)
		at org.apache.catalina.realm.UserDatabaseRealm.backgroundProcess(UserDatabaseRealm.java:143)
		at org.apache.catalina.realm.CombinedRealm.backgroundProcess(CombinedRealm.java:247)
		at org.apache.catalina.core.ContainerBase.backgroundProcess(ContainerBase.java:959)
		at org.apache.catalina.core.ContainerBase$ContainerBackgroundProcessor.processChildren(ContainerBase.java:1172)
		at org.apache.catalina.core.ContainerBase$ContainerBackgroundProcessor.run(ContainerBase.java:1154)
		at java.base/java.util.concurrent.Executors$RunnableAdapter.call(Executors.java:539)
		at java.base/java.util.concurrent.FutureTask.runAndReset(FutureTask.java:305)
		at java.base/java.util.concurrent.ScheduledThreadPoolExecutor$ScheduledFutureTask.run(ScheduledThreadPoolExecutor.java:305)
		at java.base/java.util.concurrent.ThreadPoolExecutor.runWorker(ThreadPoolExecutor.java:1136)
		at java.base/java.util.concurrent.ThreadPoolExecutor$Worker.run(ThreadPoolExecutor.java:635)
		at org.apache.tomcat.util.threads.TaskThread$WrappingRunnable.run(TaskThread.java:63)
		at java.base/java.lang.Thread.run(Thread.java:833)
17-Jan-2025 20:51:36.627 SEVERE [Catalina-utility-2] org.apache.catalina.users.MemoryUserDatabase.backgroundProcess Error reloading memory user database [UserDatabase] from updated source [file:/E:/backup/classes/102-spring%20boot/apache-tomcat-10.1.34/conf/tomcat-users.xml]
	org.xml.sax.SAXParseException; lineNumber: 55; columnNumber: 35; The value of attribute "password" associated with an element type "user" must not contain the '<' character.
		at java.xml/com.sun.org.apache.xerces.internal.parsers.AbstractSAXParser.parse(AbstractSAXParser.java:1251)
		at java.xml/com.sun.org.apache.xerces.internal.jaxp.SAXParserImpl$JAXPSAXParser.parse(SAXParserImpl.java:637)
		at org.apache.tomcat.util.digester.Digester.parse(Digester.java:1546)
		at org.apache.catalina.users.MemoryUserDatabase.open(MemoryUserDatabase.java:376)
		at org.apache.catalina.users.MemoryUserDatabase.backgroundProcess(MemoryUserDatabase.java:630)
		at org.apache.catalina.realm.UserDatabaseRealm.backgroundProcess(UserDatabaseRealm.java:143)
		at org.apache.catalina.realm.CombinedRealm.backgroundProcess(CombinedRealm.java:247)
		at org.apache.catalina.core.ContainerBase.backgroundProcess(ContainerBase.java:959)
		at org.apache.catalina.core.ContainerBase$ContainerBackgroundProcessor.processChildren(ContainerBase.java:1172)
		at org.apache.catalina.core.ContainerBase$ContainerBackgroundProcessor.run(ContainerBase.java:1154)
		at java.base/java.util.concurrent.Executors$RunnableAdapter.call(Executors.java:539)
		at java.base/java.util.concurrent.FutureTask.runAndReset(FutureTask.java:305)
		at java.base/java.util.concurrent.ScheduledThreadPoolExecutor$ScheduledFutureTask.run(ScheduledThreadPoolExecutor.java:305)
		at java.base/java.util.concurrent.ThreadPoolExecutor.runWorker(ThreadPoolExecutor.java:1136)
		at java.base/java.util.concurrent.ThreadPoolExecutor$Worker.run(ThreadPoolExecutor.java:635)
		at org.apache.tomcat.util.threads.TaskThread$WrappingRunnable.run(TaskThread.java:63)
		at java.base/java.lang.Thread.run(Thread.java:833)
17-Jan-2025 20:51:50.980 INFO [Thread-1] org.apache.coyote.AbstractProtocol.pause Pausing ProtocolHandler ["http-nio-8080"]
17-Jan-2025 20:51:51.557 INFO [Thread-1] org.apache.catalina.core.StandardService.stopInternal Stopping service [Catalina]
17-Jan-2025 20:51:51.689 INFO [Thread-1] org.apache.coyote.AbstractProtocol.stop Stopping ProtocolHandler ["http-nio-8080"]
17-Jan-2025 20:51:51.710 INFO [Thread-1] org.apache.coyote.AbstractProtocol.destroy Destroying ProtocolHandler ["http-nio-8080"]
17-Jan-2025 20:52:24.327 INFO [main] org.apache.catalina.startup.VersionLoggerListener.log Server version name:   Apache Tomcat/10.1.34
17-Jan-2025 20:52:24.340 INFO [main] org.apache.catalina.startup.VersionLoggerListener.log Server built:          Dec 5 2024 16:01:16 UTC
17-Jan-2025 20:52:24.341 INFO [main] org.apache.catalina.startup.VersionLoggerListener.log Server version number: 10.1.34.0
17-Jan-2025 20:52:24.345 INFO [main] org.apache.catalina.startup.VersionLoggerListener.log OS Name:               Windows 11
17-Jan-2025 20:52:24.346 INFO [main] org.apache.catalina.startup.VersionLoggerListener.log OS Version:            10.0
17-Jan-2025 20:52:24.346 INFO [main] org.apache.catalina.startup.VersionLoggerListener.log Architecture:          amd64
17-Jan-2025 20:52:24.347 INFO [main] org.apache.catalina.startup.VersionLoggerListener.log Java Home:             G:\Program Files\Java\jdk-17.0.8
17-Jan-2025 20:52:24.348 INFO [main] org.apache.catalina.startup.VersionLoggerListener.log JVM Version:           17.0.8+9-LTS-211
17-Jan-2025 20:52:24.349 INFO [main] org.apache.catalina.startup.VersionLoggerListener.log JVM Vendor:            Oracle Corporation
17-Jan-2025 20:52:24.350 INFO [main] org.apache.catalina.startup.VersionLoggerListener.log CATALINA_BASE:         E:\backup\classes\102-spring boot\apache-tomcat-10.1.34
17-Jan-2025 20:52:24.351 INFO [main] org.apache.catalina.startup.VersionLoggerListener.log CATALINA_HOME:         E:\backup\classes\102-spring boot\apache-tomcat-10.1.34
17-Jan-2025 20:52:24.400 INFO [main] org.apache.catalina.startup.VersionLoggerListener.log Command line argument: -Djava.util.logging.config.file=E:\backup\classes\102-spring boot\apache-tomcat-10.1.34\conf\logging.properties
17-Jan-2025 20:52:24.401 INFO [main] org.apache.catalina.startup.VersionLoggerListener.log Command line argument: -Djava.util.logging.manager=org.apache.juli.ClassLoaderLogManager
17-Jan-2025 20:52:24.401 INFO [main] org.apache.catalina.startup.VersionLoggerListener.log Command line argument: -Djdk.tls.ephemeralDHKeySize=2048
17-Jan-2025 20:52:24.402 INFO [main] org.apache.catalina.startup.VersionLoggerListener.log Command line argument: -Djava.protocol.handler.pkgs=org.apache.catalina.webresources
17-Jan-2025 20:52:24.402 INFO [main] org.apache.catalina.startup.VersionLoggerListener.log Command line argument: --add-opens=java.base/java.lang=ALL-UNNAMED
17-Jan-2025 20:52:24.404 INFO [main] org.apache.catalina.startup.VersionLoggerListener.log Command line argument: --add-opens=java.base/java.io=ALL-UNNAMED
17-Jan-2025 20:52:24.406 INFO [main] org.apache.catalina.startup.VersionLoggerListener.log Command line argument: --add-opens=java.base/java.util=ALL-UNNAMED
17-Jan-2025 20:52:24.408 INFO [main] org.apache.catalina.startup.VersionLoggerListener.log Command line argument: --add-opens=java.base/java.util.concurrent=ALL-UNNAMED
17-Jan-2025 20:52:24.409 INFO [main] org.apache.catalina.startup.VersionLoggerListener.log Command line argument: --add-opens=java.rmi/sun.rmi.transport=ALL-UNNAMED
17-Jan-2025 20:52:24.410 INFO [main] org.apache.catalina.startup.VersionLoggerListener.log Command line argument: -Dcatalina.base=E:\backup\classes\102-spring boot\apache-tomcat-10.1.34
17-Jan-2025 20:52:24.410 INFO [main] org.apache.catalina.startup.VersionLoggerListener.log Command line argument: -Dcatalina.home=E:\backup\classes\102-spring boot\apache-tomcat-10.1.34
17-Jan-2025 20:52:24.411 INFO [main] org.apache.catalina.startup.VersionLoggerListener.log Command line argument: -Djava.io.tmpdir=E:\backup\classes\102-spring boot\apache-tomcat-10.1.34\temp
17-Jan-2025 20:52:24.415 INFO [main] org.apache.catalina.core.AprLifecycleListener.lifecycleEvent Loaded Apache Tomcat Native library [2.0.8] using APR version [1.7.4].
17-Jan-2025 20:52:24.448 INFO [main] org.apache.catalina.core.AprLifecycleListener.initializeSSL OpenSSL successfully initialized [OpenSSL 3.0.14 4 Jun 2024]
17-Jan-2025 20:52:25.259 INFO [main] org.apache.coyote.AbstractProtocol.init Initializing ProtocolHandler ["http-nio-8080"]
17-Jan-2025 20:52:25.424 INFO [main] org.apache.catalina.startup.Catalina.load Server initialization in [1757] milliseconds
17-Jan-2025 20:52:25.589 SEVERE [main] org.apache.tomcat.util.digester.Digester.fatalError Parse fatal error at line [55] column [35]
	org.xml.sax.SAXParseException; lineNumber: 55; columnNumber: 35; The value of attribute "password" associated with an element type "user" must not contain the '<' character.
		at java.xml/com.sun.org.apache.xerces.internal.util.ErrorHandlerWrapper.createSAXParseException(ErrorHandlerWrapper.java:204)
		at java.xml/com.sun.org.apache.xerces.internal.util.ErrorHandlerWrapper.fatalError(ErrorHandlerWrapper.java:178)
		at java.xml/com.sun.org.apache.xerces.internal.impl.XMLErrorReporter.reportError(XMLErrorReporter.java:400)
		at java.xml/com.sun.org.apache.xerces.internal.impl.XMLErrorReporter.reportError(XMLErrorReporter.java:327)
		at java.xml/com.sun.org.apache.xerces.internal.impl.XMLScanner.reportFatalError(XMLScanner.java:1465)
		at java.xml/com.sun.org.apache.xerces.internal.impl.XMLScanner.scanAttributeValue(XMLScanner.java:943)
		at java.xml/com.sun.org.apache.xerces.internal.impl.XMLDocumentFragmentScannerImpl.scanAttribute(XMLDocumentFragmentScannerImpl.java:1522)
		at java.xml/com.sun.org.apache.xerces.internal.impl.XMLDocumentFragmentScannerImpl.scanStartElement(XMLDocumentFragmentScannerImpl.java:1363)
		at java.xml/com.sun.org.apache.xerces.internal.impl.XMLDocumentFragmentScannerImpl$FragmentContentDriver.next(XMLDocumentFragmentScannerImpl.java:2726)
		at java.xml/com.sun.org.apache.xerces.internal.impl.XMLDocumentScannerImpl.next(XMLDocumentScannerImpl.java:605)
		at java.xml/com.sun.org.apache.xerces.internal.impl.XMLDocumentFragmentScannerImpl.scanDocument(XMLDocumentFragmentScannerImpl.java:542)
		at java.xml/com.sun.org.apache.xerces.internal.parsers.XML11Configuration.parse(XML11Configuration.java:889)
		at java.xml/com.sun.org.apache.xerces.internal.parsers.XML11Configuration.parse(XML11Configuration.java:825)
		at java.xml/com.sun.org.apache.xerces.internal.parsers.XMLParser.parse(XMLParser.java:141)
		at java.xml/com.sun.org.apache.xerces.internal.parsers.AbstractSAXParser.parse(AbstractSAXParser.java:1224)
		at java.xml/com.sun.org.apache.xerces.internal.jaxp.SAXParserImpl$JAXPSAXParser.parse(SAXParserImpl.java:637)
		at org.apache.tomcat.util.digester.Digester.parse(Digester.java:1546)
		at org.apache.catalina.users.MemoryUserDatabase.open(MemoryUserDatabase.java:376)
		at org.apache.catalina.users.MemoryUserDatabaseFactory.getObjectInstance(MemoryUserDatabaseFactory.java:103)
		at org.apache.naming.factory.FactoryBase.getObjectInstance(FactoryBase.java:91)
		at java.naming/javax.naming.spi.NamingManager.getObjectInstance(NamingManager.java:342)
		at org.apache.naming.NamingContext.lookup(NamingContext.java:544)
		at org.apache.naming.NamingContext.lookup(NamingContext.java:148)
		at org.apache.naming.NamingContextBindingsEnumeration.nextElementInternal(NamingContextBindingsEnumeration.java:106)
		at org.apache.naming.NamingContextBindingsEnumeration.next(NamingContextBindingsEnumeration.java:66)
		at org.apache.naming.NamingContextBindingsEnumeration.next(NamingContextBindingsEnumeration.java:32)
		at org.apache.catalina.mbeans.GlobalResourcesLifecycleListener.createMBeans(GlobalResourcesLifecycleListener.java:130)
		at org.apache.catalina.mbeans.GlobalResourcesLifecycleListener.createMBeans(GlobalResourcesLifecycleListener.java:106)
		at org.apache.catalina.mbeans.GlobalResourcesLifecycleListener.lifecycleEvent(GlobalResourcesLifecycleListener.java:81)
		at org.apache.catalina.util.LifecycleBase.fireLifecycleEvent(LifecycleBase.java:109)
		at org.apache.catalina.util.LifecycleBase.setStateInternal(LifecycleBase.java:389)
		at org.apache.catalina.util.LifecycleBase.setState(LifecycleBase.java:336)
		at org.apache.catalina.core.StandardServer.startInternal(StandardServer.java:858)
		at org.apache.catalina.util.LifecycleBase.start(LifecycleBase.java:164)
		at org.apache.catalina.startup.Catalina.start(Catalina.java:761)
		at java.base/jdk.internal.reflect.NativeMethodAccessorImpl.invoke0(Native Method)
		at java.base/jdk.internal.reflect.NativeMethodAccessorImpl.invoke(NativeMethodAccessorImpl.java:77)
		at java.base/jdk.internal.reflect.DelegatingMethodAccessorImpl.invoke(DelegatingMethodAccessorImpl.java:43)
		at java.base/java.lang.reflect.Method.invoke(Method.java:568)
		at org.apache.catalina.startup.Bootstrap.start(Bootstrap.java:345)
		at org.apache.catalina.startup.Bootstrap.main(Bootstrap.java:473)
17-Jan-2025 20:52:25.596 WARNING [main] org.apache.naming.NamingContext.lookup Unexpected exception resolving reference
	org.xml.sax.SAXParseException; lineNumber: 55; columnNumber: 35; The value of attribute "password" associated with an element type "user" must not contain the '<' character.
		at java.xml/com.sun.org.apache.xerces.internal.parsers.AbstractSAXParser.parse(AbstractSAXParser.java:1251)
		at java.xml/com.sun.org.apache.xerces.internal.jaxp.SAXParserImpl$JAXPSAXParser.parse(SAXParserImpl.java:637)
		at org.apache.tomcat.util.digester.Digester.parse(Digester.java:1546)
		at org.apache.catalina.users.MemoryUserDatabase.open(MemoryUserDatabase.java:376)
		at org.apache.catalina.users.MemoryUserDatabaseFactory.getObjectInstance(MemoryUserDatabaseFactory.java:103)
		at org.apache.naming.factory.FactoryBase.getObjectInstance(FactoryBase.java:91)
		at java.naming/javax.naming.spi.NamingManager.getObjectInstance(NamingManager.java:342)
		at org.apache.naming.NamingContext.lookup(NamingContext.java:544)
		at org.apache.naming.NamingContext.lookup(NamingContext.java:148)
		at org.apache.naming.NamingContextBindingsEnumeration.nextElementInternal(NamingContextBindingsEnumeration.java:106)
		at org.apache.naming.NamingContextBindingsEnumeration.next(NamingContextBindingsEnumeration.java:66)
		at org.apache.naming.NamingContextBindingsEnumeration.next(NamingContextBindingsEnumeration.java:32)
		at org.apache.catalina.mbeans.GlobalResourcesLifecycleListener.createMBeans(GlobalResourcesLifecycleListener.java:130)
		at org.apache.catalina.mbeans.GlobalResourcesLifecycleListener.createMBeans(GlobalResourcesLifecycleListener.java:106)
		at org.apache.catalina.mbeans.GlobalResourcesLifecycleListener.lifecycleEvent(GlobalResourcesLifecycleListener.java:81)
		at org.apache.catalina.util.LifecycleBase.fireLifecycleEvent(LifecycleBase.java:109)
		at org.apache.catalina.util.LifecycleBase.setStateInternal(LifecycleBase.java:389)
		at org.apache.catalina.util.LifecycleBase.setState(LifecycleBase.java:336)
		at org.apache.catalina.core.StandardServer.startInternal(StandardServer.java:858)
		at org.apache.catalina.util.LifecycleBase.start(LifecycleBase.java:164)
		at org.apache.catalina.startup.Catalina.start(Catalina.java:761)
		at java.base/jdk.internal.reflect.NativeMethodAccessorImpl.invoke0(Native Method)
		at java.base/jdk.internal.reflect.NativeMethodAccessorImpl.invoke(NativeMethodAccessorImpl.java:77)
		at java.base/jdk.internal.reflect.DelegatingMethodAccessorImpl.invoke(DelegatingMethodAccessorImpl.java:43)
		at java.base/java.lang.reflect.Method.invoke(Method.java:568)
		at org.apache.catalina.startup.Bootstrap.start(Bootstrap.java:345)
		at org.apache.catalina.startup.Bootstrap.main(Bootstrap.java:473)
17-Jan-2025 20:52:25.600 SEVERE [main] org.apache.catalina.mbeans.GlobalResourcesLifecycleListener.createMBeans Exception processing global JNDI Resources
	javax.naming.NamingException: Unexpected exception resolving reference [Root exception is org.xml.sax.SAXParseException; lineNumber: 55; columnNumber: 35; The value of attribute "password" associated with an element type "user" must not contain the '<' character.]
		at org.apache.naming.NamingContext.lookup(NamingContext.java:575)
		at org.apache.naming.NamingContext.lookup(NamingContext.java:148)
		at org.apache.naming.NamingContextBindingsEnumeration.nextElementInternal(NamingContextBindingsEnumeration.java:106)
		at org.apache.naming.NamingContextBindingsEnumeration.next(NamingContextBindingsEnumeration.java:66)
		at org.apache.naming.NamingContextBindingsEnumeration.next(NamingContextBindingsEnumeration.java:32)
		at org.apache.catalina.mbeans.GlobalResourcesLifecycleListener.createMBeans(GlobalResourcesLifecycleListener.java:130)
		at org.apache.catalina.mbeans.GlobalResourcesLifecycleListener.createMBeans(GlobalResourcesLifecycleListener.java:106)
		at org.apache.catalina.mbeans.GlobalResourcesLifecycleListener.lifecycleEvent(GlobalResourcesLifecycleListener.java:81)
		at org.apache.catalina.util.LifecycleBase.fireLifecycleEvent(LifecycleBase.java:109)
		at org.apache.catalina.util.LifecycleBase.setStateInternal(LifecycleBase.java:389)
		at org.apache.catalina.util.LifecycleBase.setState(LifecycleBase.java:336)
		at org.apache.catalina.core.StandardServer.startInternal(StandardServer.java:858)
		at org.apache.catalina.util.LifecycleBase.start(LifecycleBase.java:164)
		at org.apache.catalina.startup.Catalina.start(Catalina.java:761)
		at java.base/jdk.internal.reflect.NativeMethodAccessorImpl.invoke0(Native Method)
		at java.base/jdk.internal.reflect.NativeMethodAccessorImpl.invoke(NativeMethodAccessorImpl.java:77)
		at java.base/jdk.internal.reflect.DelegatingMethodAccessorImpl.invoke(DelegatingMethodAccessorImpl.java:43)
		at java.base/java.lang.reflect.Method.invoke(Method.java:568)
		at org.apache.catalina.startup.Bootstrap.start(Bootstrap.java:345)
		at org.apache.catalina.startup.Bootstrap.main(Bootstrap.java:473)
	Caused by: org.xml.sax.SAXParseException; lineNumber: 55; columnNumber: 35; The value of attribute "password" associated with an element type "user" must not contain the '<' character.
		at java.xml/com.sun.org.apache.xerces.internal.parsers.AbstractSAXParser.parse(AbstractSAXParser.java:1251)
		at java.xml/com.sun.org.apache.xerces.internal.jaxp.SAXParserImpl$JAXPSAXParser.parse(SAXParserImpl.java:637)
		at org.apache.tomcat.util.digester.Digester.parse(Digester.java:1546)
		at org.apache.catalina.users.MemoryUserDatabase.open(MemoryUserDatabase.java:376)
		at org.apache.catalina.users.MemoryUserDatabaseFactory.getObjectInstance(MemoryUserDatabaseFactory.java:103)
		at org.apache.naming.factory.FactoryBase.getObjectInstance(FactoryBase.java:91)
		at java.naming/javax.naming.spi.NamingManager.getObjectInstance(NamingManager.java:342)
		at org.apache.naming.NamingContext.lookup(NamingContext.java:544)
		... 19 more
17-Jan-2025 20:52:25.662 INFO [main] org.apache.catalina.core.StandardService.startInternal Starting service [Catalina]
17-Jan-2025 20:52:25.669 INFO [main] org.apache.catalina.core.StandardEngine.startInternal Starting Servlet engine: [Apache Tomcat/10.1.34]
17-Jan-2025 20:52:25.689 SEVERE [main] org.apache.tomcat.util.digester.Digester.fatalError Parse fatal error at line [55] column [35]
	org.xml.sax.SAXParseException; lineNumber: 55; columnNumber: 35; The value of attribute "password" associated with an element type "user" must not contain the '<' character.
		at java.xml/com.sun.org.apache.xerces.internal.util.ErrorHandlerWrapper.createSAXParseException(ErrorHandlerWrapper.java:204)
		at java.xml/com.sun.org.apache.xerces.internal.util.ErrorHandlerWrapper.fatalError(ErrorHandlerWrapper.java:178)
		at java.xml/com.sun.org.apache.xerces.internal.impl.XMLErrorReporter.reportError(XMLErrorReporter.java:400)
		at java.xml/com.sun.org.apache.xerces.internal.impl.XMLErrorReporter.reportError(XMLErrorReporter.java:327)
		at java.xml/com.sun.org.apache.xerces.internal.impl.XMLScanner.reportFatalError(XMLScanner.java:1465)
		at java.xml/com.sun.org.apache.xerces.internal.impl.XMLScanner.scanAttributeValue(XMLScanner.java:943)
		at java.xml/com.sun.org.apache.xerces.internal.impl.XMLDocumentFragmentScannerImpl.scanAttribute(XMLDocumentFragmentScannerImpl.java:1522)
		at java.xml/com.sun.org.apache.xerces.internal.impl.XMLDocumentFragmentScannerImpl.scanStartElement(XMLDocumentFragmentScannerImpl.java:1363)
		at java.xml/com.sun.org.apache.xerces.internal.impl.XMLDocumentFragmentScannerImpl$FragmentContentDriver.next(XMLDocumentFragmentScannerImpl.java:2726)
		at java.xml/com.sun.org.apache.xerces.internal.impl.XMLDocumentScannerImpl.next(XMLDocumentScannerImpl.java:605)
		at java.xml/com.sun.org.apache.xerces.internal.impl.XMLDocumentFragmentScannerImpl.scanDocument(XMLDocumentFragmentScannerImpl.java:542)
		at java.xml/com.sun.org.apache.xerces.internal.parsers.XML11Configuration.parse(XML11Configuration.java:889)
		at java.xml/com.sun.org.apache.xerces.internal.parsers.XML11Configuration.parse(XML11Configuration.java:825)
		at java.xml/com.sun.org.apache.xerces.internal.parsers.XMLParser.parse(XMLParser.java:141)
		at java.xml/com.sun.org.apache.xerces.internal.parsers.AbstractSAXParser.parse(AbstractSAXParser.java:1224)
		at java.xml/com.sun.org.apache.xerces.internal.jaxp.SAXParserImpl$JAXPSAXParser.parse(SAXParserImpl.java:637)
		at org.apache.tomcat.util.digester.Digester.parse(Digester.java:1546)
		at org.apache.catalina.users.MemoryUserDatabase.open(MemoryUserDatabase.java:376)
		at org.apache.catalina.users.MemoryUserDatabaseFactory.getObjectInstance(MemoryUserDatabaseFactory.java:103)
		at org.apache.naming.factory.FactoryBase.getObjectInstance(FactoryBase.java:91)
		at java.naming/javax.naming.spi.NamingManager.getObjectInstance(NamingManager.java:342)
		at org.apache.naming.NamingContext.lookup(NamingContext.java:544)
		at org.apache.naming.NamingContext.lookup(NamingContext.java:155)
		at org.apache.catalina.realm.UserDatabaseRealm.getUserDatabase(UserDatabaseRealm.java:225)
		at org.apache.catalina.realm.UserDatabaseRealm.startInternal(UserDatabaseRealm.java:248)
		at org.apache.catalina.util.LifecycleBase.start(LifecycleBase.java:164)
		at org.apache.catalina.realm.CombinedRealm.startInternal(CombinedRealm.java:195)
		at org.apache.catalina.realm.LockOutRealm.startInternal(LockOutRealm.java:101)
		at org.apache.catalina.util.LifecycleBase.start(LifecycleBase.java:164)
		at org.apache.catalina.core.ContainerBase.startInternal(ContainerBase.java:742)
		at org.apache.catalina.core.StandardEngine.startInternal(StandardEngine.java:203)
		at org.apache.catalina.util.LifecycleBase.start(LifecycleBase.java:164)
		at org.apache.catalina.core.StandardService.startInternal(StandardService.java:415)
		at org.apache.catalina.util.LifecycleBase.start(LifecycleBase.java:164)
		at org.apache.catalina.core.StandardServer.startInternal(StandardServer.java:870)
		at org.apache.catalina.util.LifecycleBase.start(LifecycleBase.java:164)
		at org.apache.catalina.startup.Catalina.start(Catalina.java:761)
		at java.base/jdk.internal.reflect.NativeMethodAccessorImpl.invoke0(Native Method)
		at java.base/jdk.internal.reflect.NativeMethodAccessorImpl.invoke(NativeMethodAccessorImpl.java:77)
		at java.base/jdk.internal.reflect.DelegatingMethodAccessorImpl.invoke(DelegatingMethodAccessorImpl.java:43)
		at java.base/java.lang.reflect.Method.invoke(Method.java:568)
		at org.apache.catalina.startup.Bootstrap.start(Bootstrap.java:345)
		at org.apache.catalina.startup.Bootstrap.main(Bootstrap.java:473)
17-Jan-2025 20:52:25.696 WARNING [main] org.apache.naming.NamingContext.lookup Unexpected exception resolving reference
	org.xml.sax.SAXParseException; lineNumber: 55; columnNumber: 35; The value of attribute "password" associated with an element type "user" must not contain the '<' character.
		at java.xml/com.sun.org.apache.xerces.internal.parsers.AbstractSAXParser.parse(AbstractSAXParser.java:1251)
		at java.xml/com.sun.org.apache.xerces.internal.jaxp.SAXParserImpl$JAXPSAXParser.parse(SAXParserImpl.java:637)
		at org.apache.tomcat.util.digester.Digester.parse(Digester.java:1546)
		at org.apache.catalina.users.MemoryUserDatabase.open(MemoryUserDatabase.java:376)
		at org.apache.catalina.users.MemoryUserDatabaseFactory.getObjectInstance(MemoryUserDatabaseFactory.java:103)
		at org.apache.naming.factory.FactoryBase.getObjectInstance(FactoryBase.java:91)
		at java.naming/javax.naming.spi.NamingManager.getObjectInstance(NamingManager.java:342)
		at org.apache.naming.NamingContext.lookup(NamingContext.java:544)
		at org.apache.naming.NamingContext.lookup(NamingContext.java:155)
		at org.apache.catalina.realm.UserDatabaseRealm.getUserDatabase(UserDatabaseRealm.java:225)
		at org.apache.catalina.realm.UserDatabaseRealm.startInternal(UserDatabaseRealm.java:248)
		at org.apache.catalina.util.LifecycleBase.start(LifecycleBase.java:164)
		at org.apache.catalina.realm.CombinedRealm.startInternal(CombinedRealm.java:195)
		at org.apache.catalina.realm.LockOutRealm.startInternal(LockOutRealm.java:101)
		at org.apache.catalina.util.LifecycleBase.start(LifecycleBase.java:164)
		at org.apache.catalina.core.ContainerBase.startInternal(ContainerBase.java:742)
		at org.apache.catalina.core.StandardEngine.startInternal(StandardEngine.java:203)
		at org.apache.catalina.util.LifecycleBase.start(LifecycleBase.java:164)
		at org.apache.catalina.core.StandardService.startInternal(StandardService.java:415)
		at org.apache.catalina.util.LifecycleBase.start(LifecycleBase.java:164)
		at org.apache.catalina.core.StandardServer.startInternal(StandardServer.java:870)
		at org.apache.catalina.util.LifecycleBase.start(LifecycleBase.java:164)
		at org.apache.catalina.startup.Catalina.start(Catalina.java:761)
		at java.base/jdk.internal.reflect.NativeMethodAccessorImpl.invoke0(Native Method)
		at java.base/jdk.internal.reflect.NativeMethodAccessorImpl.invoke(NativeMethodAccessorImpl.java:77)
		at java.base/jdk.internal.reflect.DelegatingMethodAccessorImpl.invoke(DelegatingMethodAccessorImpl.java:43)
		at java.base/java.lang.reflect.Method.invoke(Method.java:568)
		at org.apache.catalina.startup.Bootstrap.start(Bootstrap.java:345)
		at org.apache.catalina.startup.Bootstrap.main(Bootstrap.java:473)
17-Jan-2025 20:52:25.722 SEVERE [main] org.apache.catalina.realm.UserDatabaseRealm.getUserDatabase Exception looking up UserDatabase under key [UserDatabase]
	javax.naming.NamingException: Unexpected exception resolving reference [Root exception is org.xml.sax.SAXParseException; lineNumber: 55; columnNumber: 35; The value of attribute "password" associated with an element type "user" must not contain the '<' character.]
		at org.apache.naming.NamingContext.lookup(NamingContext.java:575)
		at org.apache.naming.NamingContext.lookup(NamingContext.java:155)
		at org.apache.catalina.realm.UserDatabaseRealm.getUserDatabase(UserDatabaseRealm.java:225)
		at org.apache.catalina.realm.UserDatabaseRealm.startInternal(UserDatabaseRealm.java:248)
		at org.apache.catalina.util.LifecycleBase.start(LifecycleBase.java:164)
		at org.apache.catalina.realm.CombinedRealm.startInternal(CombinedRealm.java:195)
		at org.apache.catalina.realm.LockOutRealm.startInternal(LockOutRealm.java:101)
		at org.apache.catalina.util.LifecycleBase.start(LifecycleBase.java:164)
		at org.apache.catalina.core.ContainerBase.startInternal(ContainerBase.java:742)
		at org.apache.catalina.core.StandardEngine.startInternal(StandardEngine.java:203)
		at org.apache.catalina.util.LifecycleBase.start(LifecycleBase.java:164)
		at org.apache.catalina.core.StandardService.startInternal(StandardService.java:415)
		at org.apache.catalina.util.LifecycleBase.start(LifecycleBase.java:164)
		at org.apache.catalina.core.StandardServer.startInternal(StandardServer.java:870)
		at org.apache.catalina.util.LifecycleBase.start(LifecycleBase.java:164)
		at org.apache.catalina.startup.Catalina.start(Catalina.java:761)
		at java.base/jdk.internal.reflect.NativeMethodAccessorImpl.invoke0(Native Method)
		at java.base/jdk.internal.reflect.NativeMethodAccessorImpl.invoke(NativeMethodAccessorImpl.java:77)
		at java.base/jdk.internal.reflect.DelegatingMethodAccessorImpl.invoke(DelegatingMethodAccessorImpl.java:43)
		at java.base/java.lang.reflect.Method.invoke(Method.java:568)
		at org.apache.catalina.startup.Bootstrap.start(Bootstrap.java:345)
		at org.apache.catalina.startup.Bootstrap.main(Bootstrap.java:473)
	Caused by: org.xml.sax.SAXParseException; lineNumber: 55; columnNumber: 35; The value of attribute "password" associated with an element type "user" must not contain the '<' character.
		at java.xml/com.sun.org.apache.xerces.internal.parsers.AbstractSAXParser.parse(AbstractSAXParser.java:1251)
		at java.xml/com.sun.org.apache.xerces.internal.jaxp.SAXParserImpl$JAXPSAXParser.parse(SAXParserImpl.java:637)
		at org.apache.tomcat.util.digester.Digester.parse(Digester.java:1546)
		at org.apache.catalina.users.MemoryUserDatabase.open(MemoryUserDatabase.java:376)
		at org.apache.catalina.users.MemoryUserDatabaseFactory.getObjectInstance(MemoryUserDatabaseFactory.java:103)
		at org.apache.naming.factory.FactoryBase.getObjectInstance(FactoryBase.java:91)
		at java.naming/javax.naming.spi.NamingManager.getObjectInstance(NamingManager.java:342)
		at org.apache.naming.NamingContext.lookup(NamingContext.java:544)
		... 21 more
17-Jan-2025 20:52:25.733 SEVERE [main] org.apache.catalina.realm.CombinedRealm.startInternal Failed to start [org.apache.catalina.realm.UserDatabaseRealm] realm
	org.apache.catalina.LifecycleException: No UserDatabase component found under key [UserDatabase]
		at org.apache.catalina.realm.UserDatabaseRealm.startInternal(UserDatabaseRealm.java:250)
		at org.apache.catalina.util.LifecycleBase.start(LifecycleBase.java:164)
		at org.apache.catalina.realm.CombinedRealm.startInternal(CombinedRealm.java:195)
		at org.apache.catalina.realm.LockOutRealm.startInternal(LockOutRealm.java:101)
		at org.apache.catalina.util.LifecycleBase.start(LifecycleBase.java:164)
		at org.apache.catalina.core.ContainerBase.startInternal(ContainerBase.java:742)
		at org.apache.catalina.core.StandardEngine.startInternal(StandardEngine.java:203)
		at org.apache.catalina.util.LifecycleBase.start(LifecycleBase.java:164)
		at org.apache.catalina.core.StandardService.startInternal(StandardService.java:415)
		at org.apache.catalina.util.LifecycleBase.start(LifecycleBase.java:164)
		at org.apache.catalina.core.StandardServer.startInternal(StandardServer.java:870)
		at org.apache.catalina.util.LifecycleBase.start(LifecycleBase.java:164)
		at org.apache.catalina.startup.Catalina.start(Catalina.java:761)
		at java.base/jdk.internal.reflect.NativeMethodAccessorImpl.invoke0(Native Method)
		at java.base/jdk.internal.reflect.NativeMethodAccessorImpl.invoke(NativeMethodAccessorImpl.java:77)
		at java.base/jdk.internal.reflect.DelegatingMethodAccessorImpl.invoke(DelegatingMethodAccessorImpl.java:43)
		at java.base/java.lang.reflect.Method.invoke(Method.java:568)
		at org.apache.catalina.startup.Bootstrap.start(Bootstrap.java:345)
		at org.apache.catalina.startup.Bootstrap.main(Bootstrap.java:473)
17-Jan-2025 20:52:25.775 INFO [main] org.apache.catalina.startup.HostConfig.deployDirectory Deploying web application directory [E:\backup\classes\102-spring boot\apache-tomcat-10.1.34\webapps\docs]
17-Jan-2025 20:52:26.741 WARNING [main] org.apache.catalina.util.SessionIdGeneratorBase.createSecureRandom Creation of SecureRandom instance for session ID generation using [SHA1PRNG] took [105] milliseconds.
17-Jan-2025 20:52:26.879 INFO [main] org.apache.catalina.startup.HostConfig.deployDirectory Deployment of web application directory [E:\backup\classes\102-spring boot\apache-tomcat-10.1.34\webapps\docs] has finished in [1,105] ms
17-Jan-2025 20:52:26.885 INFO [main] org.apache.catalina.startup.HostConfig.deployDirectory Deploying web application directory [E:\backup\classes\102-spring boot\apache-tomcat-10.1.34\webapps\examples]
17-Jan-2025 20:52:28.626 INFO [main] org.apache.catalina.startup.HostConfig.deployDirectory Deployment of web application directory [E:\backup\classes\102-spring boot\apache-tomcat-10.1.34\webapps\examples] has finished in [1,741] ms
17-Jan-2025 20:52:28.631 INFO [main] org.apache.catalina.startup.HostConfig.deployDirectory Deploying web application directory [E:\backup\classes\102-spring boot\apache-tomcat-10.1.34\webapps\host-manager]
17-Jan-2025 20:52:29.001 INFO [main] org.apache.catalina.startup.HostConfig.deployDirectory Deployment of web application directory [E:\backup\classes\102-spring boot\apache-tomcat-10.1.34\webapps\host-manager] has finished in [370] ms
17-Jan-2025 20:52:29.002 INFO [main] org.apache.catalina.startup.HostConfig.deployDirectory Deploying web application directory [E:\backup\classes\102-spring boot\apache-tomcat-10.1.34\webapps\manager]
17-Jan-2025 20:52:29.242 INFO [main] org.apache.catalina.startup.HostConfig.deployDirectory Deployment of web application directory [E:\backup\classes\102-spring boot\apache-tomcat-10.1.34\webapps\manager] has finished in [239] ms
17-Jan-2025 20:52:29.242 INFO [main] org.apache.catalina.startup.HostConfig.deployDirectory Deploying web application directory [E:\backup\classes\102-spring boot\apache-tomcat-10.1.34\webapps\ROOT]
17-Jan-2025 20:52:29.393 INFO [main] org.apache.catalina.startup.HostConfig.deployDirectory Deployment of web application directory [E:\backup\classes\102-spring boot\apache-tomcat-10.1.34\webapps\ROOT] has finished in [150] ms
17-Jan-2025 20:52:29.432 INFO [main] org.apache.coyote.AbstractProtocol.start Starting ProtocolHandler ["http-nio-8080"]
17-Jan-2025 20:52:29.686 INFO [main] org.apache.catalina.startup.Catalina.start Server startup in [4260] milliseconds
17-Jan-2025 20:53:31.330 INFO [Thread-1] org.apache.coyote.AbstractProtocol.pause Pausing ProtocolHandler ["http-nio-8080"]
17-Jan-2025 20:53:31.938 INFO [Thread-1] org.apache.catalina.core.StandardService.stopInternal Stopping service [Catalina]
17-Jan-2025 20:53:32.029 INFO [Thread-1] org.apache.coyote.AbstractProtocol.stop Stopping ProtocolHandler ["http-nio-8080"]
17-Jan-2025 20:53:32.046 INFO [Thread-1] org.apache.coyote.AbstractProtocol.destroy Destroying ProtocolHandler ["http-nio-8080"]
17-Jan-2025 20:53:51.839 INFO [main] org.apache.catalina.startup.VersionLoggerListener.log Server version name:   Apache Tomcat/10.1.34
17-Jan-2025 20:53:51.858 INFO [main] org.apache.catalina.startup.VersionLoggerListener.log Server built:          Dec 5 2024 16:01:16 UTC
17-Jan-2025 20:53:51.865 INFO [main] org.apache.catalina.startup.VersionLoggerListener.log Server version number: 10.1.34.0
17-Jan-2025 20:53:51.870 INFO [main] org.apache.catalina.startup.VersionLoggerListener.log OS Name:               Windows 11
17-Jan-2025 20:53:51.871 INFO [main] org.apache.catalina.startup.VersionLoggerListener.log OS Version:            10.0
17-Jan-2025 20:53:51.873 INFO [main] org.apache.catalina.startup.VersionLoggerListener.log Architecture:          amd64
17-Jan-2025 20:53:51.875 INFO [main] org.apache.catalina.startup.VersionLoggerListener.log Java Home:             G:\Program Files\Java\jdk-17.0.8
17-Jan-2025 20:53:51.876 INFO [main] org.apache.catalina.startup.VersionLoggerListener.log JVM Version:           17.0.8+9-LTS-211
17-Jan-2025 20:53:51.876 INFO [main] org.apache.catalina.startup.VersionLoggerListener.log JVM Vendor:            Oracle Corporation
17-Jan-2025 20:53:51.877 INFO [main] org.apache.catalina.startup.VersionLoggerListener.log CATALINA_BASE:         E:\backup\classes\102-spring boot\apache-tomcat-10.1.34
17-Jan-2025 20:53:51.877 INFO [main] org.apache.catalina.startup.VersionLoggerListener.log CATALINA_HOME:         E:\backup\classes\102-spring boot\apache-tomcat-10.1.34
17-Jan-2025 20:53:51.908 INFO [main] org.apache.catalina.startup.VersionLoggerListener.log Command line argument: -Djava.util.logging.config.file=E:\backup\classes\102-spring boot\apache-tomcat-10.1.34\conf\logging.properties
17-Jan-2025 20:53:51.909 INFO [main] org.apache.catalina.startup.VersionLoggerListener.log Command line argument: -Djava.util.logging.manager=org.apache.juli.ClassLoaderLogManager
17-Jan-2025 20:53:51.909 INFO [main] org.apache.catalina.startup.VersionLoggerListener.log Command line argument: -Djdk.tls.ephemeralDHKeySize=2048
17-Jan-2025 20:53:51.911 INFO [main] org.apache.catalina.startup.VersionLoggerListener.log Command line argument: -Djava.protocol.handler.pkgs=org.apache.catalina.webresources
17-Jan-2025 20:53:51.912 INFO [main] org.apache.catalina.startup.VersionLoggerListener.log Command line argument: --add-opens=java.base/java.lang=ALL-UNNAMED
17-Jan-2025 20:53:51.921 INFO [main] org.apache.catalina.startup.VersionLoggerListener.log Command line argument: --add-opens=java.base/java.io=ALL-UNNAMED
17-Jan-2025 20:53:51.927 INFO [main] org.apache.catalina.startup.VersionLoggerListener.log Command line argument: --add-opens=java.base/java.util=ALL-UNNAMED
17-Jan-2025 20:53:51.929 INFO [main] org.apache.catalina.startup.VersionLoggerListener.log Command line argument: --add-opens=java.base/java.util.concurrent=ALL-UNNAMED
17-Jan-2025 20:53:51.929 INFO [main] org.apache.catalina.startup.VersionLoggerListener.log Command line argument: --add-opens=java.rmi/sun.rmi.transport=ALL-UNNAMED
17-Jan-2025 20:53:51.929 INFO [main] org.apache.catalina.startup.VersionLoggerListener.log Command line argument: -Dcatalina.base=E:\backup\classes\102-spring boot\apache-tomcat-10.1.34
17-Jan-2025 20:53:51.931 INFO [main] org.apache.catalina.startup.VersionLoggerListener.log Command line argument: -Dcatalina.home=E:\backup\classes\102-spring boot\apache-tomcat-10.1.34
17-Jan-2025 20:53:51.932 INFO [main] org.apache.catalina.startup.VersionLoggerListener.log Command line argument: -Djava.io.tmpdir=E:\backup\classes\102-spring boot\apache-tomcat-10.1.34\temp
17-Jan-2025 20:53:51.947 INFO [main] org.apache.catalina.core.AprLifecycleListener.lifecycleEvent Loaded Apache Tomcat Native library [2.0.8] using APR version [1.7.4].
17-Jan-2025 20:53:52.001 INFO [main] org.apache.catalina.core.AprLifecycleListener.initializeSSL OpenSSL successfully initialized [OpenSSL 3.0.14 4 Jun 2024]
17-Jan-2025 20:53:52.862 INFO [main] org.apache.coyote.AbstractProtocol.init Initializing ProtocolHandler ["http-nio-8080"]
17-Jan-2025 20:53:53.048 INFO [main] org.apache.catalina.startup.Catalina.load Server initialization in [1709] milliseconds
17-Jan-2025 20:53:53.220 INFO [main] org.apache.catalina.core.StandardService.startInternal Starting service [Catalina]
17-Jan-2025 20:53:53.221 INFO [main] org.apache.catalina.core.StandardEngine.startInternal Starting Servlet engine: [Apache Tomcat/10.1.34]
17-Jan-2025 20:53:53.257 INFO [main] org.apache.catalina.startup.HostConfig.deployDirectory Deploying web application directory [E:\backup\classes\102-spring boot\apache-tomcat-10.1.34\webapps\docs]
17-Jan-2025 20:53:54.317 WARNING [main] org.apache.catalina.util.SessionIdGeneratorBase.createSecureRandom Creation of SecureRandom instance for session ID generation using [SHA1PRNG] took [102] milliseconds.
17-Jan-2025 20:53:54.440 INFO [main] org.apache.catalina.startup.HostConfig.deployDirectory Deployment of web application directory [E:\backup\classes\102-spring boot\apache-tomcat-10.1.34\webapps\docs] has finished in [1,182] ms
17-Jan-2025 20:53:54.452 INFO [main] org.apache.catalina.startup.HostConfig.deployDirectory Deploying web application directory [E:\backup\classes\102-spring boot\apache-tomcat-10.1.34\webapps\examples]
17-Jan-2025 20:53:55.938 INFO [main] org.apache.catalina.startup.HostConfig.deployDirectory Deployment of web application directory [E:\backup\classes\102-spring boot\apache-tomcat-10.1.34\webapps\examples] has finished in [1,486] ms
17-Jan-2025 20:53:55.940 INFO [main] org.apache.catalina.startup.HostConfig.deployDirectory Deploying web application directory [E:\backup\classes\102-spring boot\apache-tomcat-10.1.34\webapps\host-manager]
17-Jan-2025 20:53:56.240 INFO [main] org.apache.catalina.startup.HostConfig.deployDirectory Deployment of web application directory [E:\backup\classes\102-spring boot\apache-tomcat-10.1.34\webapps\host-manager] has finished in [300] ms
17-Jan-2025 20:53:56.241 INFO [main] org.apache.catalina.startup.HostConfig.deployDirectory Deploying web application directory [E:\backup\classes\102-spring boot\apache-tomcat-10.1.34\webapps\manager]
17-Jan-2025 20:53:56.388 INFO [main] org.apache.catalina.startup.HostConfig.deployDirectory Deployment of web application directory [E:\backup\classes\102-spring boot\apache-tomcat-10.1.34\webapps\manager] has finished in [147] ms
17-Jan-2025 20:53:56.389 INFO [main] org.apache.catalina.startup.HostConfig.deployDirectory Deploying web application directory [E:\backup\classes\102-spring boot\apache-tomcat-10.1.34\webapps\ROOT]
17-Jan-2025 20:53:56.480 INFO [main] org.apache.catalina.startup.HostConfig.deployDirectory Deployment of web application directory [E:\backup\classes\102-spring boot\apache-tomcat-10.1.34\webapps\ROOT] has finished in [92] ms
17-Jan-2025 20:53:56.523 INFO [main] org.apache.coyote.AbstractProtocol.start Starting ProtocolHandler ["http-nio-8080"]
17-Jan-2025 20:53:56.712 INFO [main] org.apache.catalina.startup.Catalina.start Server startup in [3661] milliseconds
17-Jan-2025 20:57:47.051 INFO [Catalina-utility-1] org.apache.catalina.startup.HostConfig.deployWAR Deploying web application archive [E:\backup\classes\102-spring boot\apache-tomcat-10.1.34\webapps\employee.war]
17-Jan-2025 20:57:50.965 INFO [Thread-1] org.apache.coyote.AbstractProtocol.pause Pausing ProtocolHandler ["http-nio-8080"]
17-Jan-2025 20:57:51.467 INFO [Thread-1] org.apache.catalina.core.StandardService.stopInternal Stopping service [Catalina]
17-Jan-2025 20:58:02.602 INFO [Catalina-utility-1] org.apache.jasper.servlet.TldScanner.scanJars At least one JAR was scanned for TLDs yet contained no TLDs. Enable debug logging for this logger for a complete list of JARs that were scanned but no TLDs were found in them. Skipping unneeded JARs during scanning can improve startup time and JSP compilation time.
17-Jan-2025 20:58:34.666 INFO [Catalina-utility-1] org.apache.catalina.startup.HostConfig.deployWAR Deployment of web application archive [E:\backup\classes\102-spring boot\apache-tomcat-10.1.34\webapps\employee.war] has finished in [47,581] ms
17-Jan-2025 20:58:35.140 WARNING [Thread-1] org.apache.catalina.loader.WebappClassLoaderBase.clearReferencesThreads The web application [employee] appears to have started a thread named [Catalina-utility-1] but has failed to stop it. This is very likely to create a memory leak. Stack trace of thread:
 org.apache.catalina.core.StandardContext.backgroundProcess(StandardContext.java:4784)
 org.apache.catalina.core.ContainerBase$ContainerBackgroundProcessor.processChildren(ContainerBase.java:1172)
 org.apache.catalina.core.ContainerBase$ContainerBackgroundProcessor.processChildren(ContainerBase.java:1176)
 org.apache.catalina.core.ContainerBase$ContainerBackgroundProcessor.processChildren(ContainerBase.java:1176)
 org.apache.catalina.core.ContainerBase$ContainerBackgroundProcessor.run(ContainerBase.java:1154)
 java.base@17.0.8/java.util.concurrent.Executors$RunnableAdapter.call(Executors.java:539)
 java.base@17.0.8/java.util.concurrent.FutureTask.runAndReset(FutureTask.java:305)
 java.base@17.0.8/java.util.concurrent.ScheduledThreadPoolExecutor$ScheduledFutureTask.run(ScheduledThreadPoolExecutor.java:305)
 java.base@17.0.8/java.util.concurrent.ThreadPoolExecutor.runWorker(ThreadPoolExecutor.java:1136)
 java.base@17.0.8/java.util.concurrent.ThreadPoolExecutor$Worker.run(ThreadPoolExecutor.java:635)
 org.apache.tomcat.util.threads.TaskThread$WrappingRunnable.run(TaskThread.java:63)
 java.base@17.0.8/java.lang.Thread.run(Thread.java:833)
17-Jan-2025 20:58:35.144 WARNING [Thread-1] org.apache.catalina.loader.WebappClassLoaderBase.clearReferencesThreads The web application [employee] appears to have started a thread named [mysql-cj-abandoned-connection-cleanup] but has failed to stop it. This is very likely to create a memory leak. Stack trace of thread:
 java.base@17.0.8/java.lang.Object.wait(Native Method)
 java.base@17.0.8/java.lang.ref.ReferenceQueue.remove(ReferenceQueue.java:155)
 com.mysql.cj.jdbc.AbandonedConnectionCleanupThread.run(AbandonedConnectionCleanupThread.java:84)
 java.base@17.0.8/java.util.concurrent.ThreadPoolExecutor.runWorker(ThreadPoolExecutor.java:1136)
 java.base@17.0.8/java.util.concurrent.ThreadPoolExecutor$Worker.run(ThreadPoolExecutor.java:635)
 java.base@17.0.8/java.lang.Thread.run(Thread.java:833)
17-Jan-2025 20:58:35.176 INFO [Thread-1] org.apache.coyote.AbstractProtocol.stop Stopping ProtocolHandler ["http-nio-8080"]
17-Jan-2025 20:58:35.208 INFO [Thread-1] org.apache.coyote.AbstractProtocol.destroy Destroying ProtocolHandler ["http-nio-8080"]
17-Jan-2025 20:58:53.978 INFO [main] org.apache.catalina.startup.VersionLoggerListener.log Server version name:   Apache Tomcat/10.1.34
17-Jan-2025 20:58:54.066 INFO [main] org.apache.catalina.startup.VersionLoggerListener.log Server built:          Dec 5 2024 16:01:16 UTC
17-Jan-2025 20:58:54.071 INFO [main] org.apache.catalina.startup.VersionLoggerListener.log Server version number: 10.1.34.0
17-Jan-2025 20:58:54.076 INFO [main] org.apache.catalina.startup.VersionLoggerListener.log OS Name:               Windows 11
17-Jan-2025 20:58:54.076 INFO [main] org.apache.catalina.startup.VersionLoggerListener.log OS Version:            10.0
17-Jan-2025 20:58:54.077 INFO [main] org.apache.catalina.startup.VersionLoggerListener.log Architecture:          amd64
17-Jan-2025 20:58:54.084 INFO [main] org.apache.catalina.startup.VersionLoggerListener.log Java Home:             G:\Program Files\Java\jdk-17.0.8
17-Jan-2025 20:58:54.088 INFO [main] org.apache.catalina.startup.VersionLoggerListener.log JVM Version:           17.0.8+9-LTS-211
17-Jan-2025 20:58:54.089 INFO [main] org.apache.catalina.startup.VersionLoggerListener.log JVM Vendor:            Oracle Corporation
17-Jan-2025 20:58:54.090 INFO [main] org.apache.catalina.startup.VersionLoggerListener.log CATALINA_BASE:         E:\backup\classes\102-spring boot\apache-tomcat-10.1.34
17-Jan-2025 20:58:54.091 INFO [main] org.apache.catalina.startup.VersionLoggerListener.log CATALINA_HOME:         E:\backup\classes\102-spring boot\apache-tomcat-10.1.34
17-Jan-2025 20:58:54.100 INFO [main] org.apache.catalina.startup.VersionLoggerListener.log Command line argument: -Djava.util.logging.config.file=E:\backup\classes\102-spring boot\apache-tomcat-10.1.34\conf\logging.properties
17-Jan-2025 20:58:54.105 INFO [main] org.apache.catalina.startup.VersionLoggerListener.log Command line argument: -Djava.util.logging.manager=org.apache.juli.ClassLoaderLogManager
17-Jan-2025 20:58:54.111 INFO [main] org.apache.catalina.startup.VersionLoggerListener.log Command line argument: -Djdk.tls.ephemeralDHKeySize=2048
17-Jan-2025 20:58:54.121 INFO [main] org.apache.catalina.startup.VersionLoggerListener.log Command line argument: -Djava.protocol.handler.pkgs=org.apache.catalina.webresources
17-Jan-2025 20:58:54.121 INFO [main] org.apache.catalina.startup.VersionLoggerListener.log Command line argument: --add-opens=java.base/java.lang=ALL-UNNAMED
17-Jan-2025 20:58:54.122 INFO [main] org.apache.catalina.startup.VersionLoggerListener.log Command line argument: --add-opens=java.base/java.io=ALL-UNNAMED
17-Jan-2025 20:58:54.124 INFO [main] org.apache.catalina.startup.VersionLoggerListener.log Command line argument: --add-opens=java.base/java.util=ALL-UNNAMED
17-Jan-2025 20:58:54.125 INFO [main] org.apache.catalina.startup.VersionLoggerListener.log Command line argument: --add-opens=java.base/java.util.concurrent=ALL-UNNAMED
17-Jan-2025 20:58:54.126 INFO [main] org.apache.catalina.startup.VersionLoggerListener.log Command line argument: --add-opens=java.rmi/sun.rmi.transport=ALL-UNNAMED
17-Jan-2025 20:58:54.127 INFO [main] org.apache.catalina.startup.VersionLoggerListener.log Command line argument: -Dcatalina.base=E:\backup\classes\102-spring boot\apache-tomcat-10.1.34
17-Jan-2025 20:58:54.128 INFO [main] org.apache.catalina.startup.VersionLoggerListener.log Command line argument: -Dcatalina.home=E:\backup\classes\102-spring boot\apache-tomcat-10.1.34
17-Jan-2025 20:58:54.128 INFO [main] org.apache.catalina.startup.VersionLoggerListener.log Command line argument: -Djava.io.tmpdir=E:\backup\classes\102-spring boot\apache-tomcat-10.1.34\temp
17-Jan-2025 20:58:54.137 INFO [main] org.apache.catalina.core.AprLifecycleListener.lifecycleEvent Loaded Apache Tomcat Native library [2.0.8] using APR version [1.7.4].
17-Jan-2025 20:58:54.177 INFO [main] org.apache.catalina.core.AprLifecycleListener.initializeSSL OpenSSL successfully initialized [OpenSSL 3.0.14 4 Jun 2024]
17-Jan-2025 20:58:55.184 INFO [main] org.apache.coyote.AbstractProtocol.init Initializing ProtocolHandler ["http-nio-8080"]
17-Jan-2025 20:58:55.361 INFO [main] org.apache.catalina.startup.Catalina.load Server initialization in [1928] milliseconds
17-Jan-2025 20:58:55.545 INFO [main] org.apache.catalina.core.StandardService.startInternal Starting service [Catalina]
17-Jan-2025 20:58:55.546 INFO [main] org.apache.catalina.core.StandardEngine.startInternal Starting Servlet engine: [Apache Tomcat/10.1.34]
17-Jan-2025 20:58:55.631 INFO [main] org.apache.catalina.startup.HostConfig.deployWAR Deploying web application archive [E:\backup\classes\102-spring boot\apache-tomcat-10.1.34\webapps\employee.war]
17-Jan-2025 20:59:08.304 INFO [main] org.apache.jasper.servlet.TldScanner.scanJars At least one JAR was scanned for TLDs yet contained no TLDs. Enable debug logging for this logger for a complete list of JARs that were scanned but no TLDs were found in them. Skipping unneeded JARs during scanning can improve startup time and JSP compilation time.
17-Jan-2025 20:59:33.785 WARNING [main] org.apache.catalina.util.SessionIdGeneratorBase.createSecureRandom Creation of SecureRandom instance for session ID generation using [SHA1PRNG] took [172] milliseconds.
17-Jan-2025 20:59:33.861 INFO [main] org.apache.catalina.startup.HostConfig.deployWAR Deployment of web application archive [E:\backup\classes\102-spring boot\apache-tomcat-10.1.34\webapps\employee.war] has finished in [38,230] ms
17-Jan-2025 20:59:33.866 INFO [main] org.apache.catalina.startup.HostConfig.deployDirectory Deploying web application directory [E:\backup\classes\102-spring boot\apache-tomcat-10.1.34\webapps\docs]
17-Jan-2025 20:59:34.064 INFO [main] org.apache.catalina.startup.HostConfig.deployDirectory Deployment of web application directory [E:\backup\classes\102-spring boot\apache-tomcat-10.1.34\webapps\docs] has finished in [199] ms
17-Jan-2025 20:59:34.065 INFO [main] org.apache.catalina.startup.HostConfig.deployDirectory Deploying web application directory [E:\backup\classes\102-spring boot\apache-tomcat-10.1.34\webapps\examples]
17-Jan-2025 20:59:35.212 INFO [main] org.apache.catalina.startup.HostConfig.deployDirectory Deployment of web application directory [E:\backup\classes\102-spring boot\apache-tomcat-10.1.34\webapps\examples] has finished in [1,147] ms
17-Jan-2025 20:59:35.217 INFO [main] org.apache.catalina.startup.HostConfig.deployDirectory Deploying web application directory [E:\backup\classes\102-spring boot\apache-tomcat-10.1.34\webapps\host-manager]
17-Jan-2025 20:59:35.442 INFO [main] org.apache.catalina.startup.HostConfig.deployDirectory Deployment of web application directory [E:\backup\classes\102-spring boot\apache-tomcat-10.1.34\webapps\host-manager] has finished in [225] ms
17-Jan-2025 20:59:35.448 INFO [main] org.apache.catalina.startup.HostConfig.deployDirectory Deploying web application directory [E:\backup\classes\102-spring boot\apache-tomcat-10.1.34\webapps\manager]
17-Jan-2025 20:59:35.625 INFO [main] org.apache.catalina.startup.HostConfig.deployDirectory Deployment of web application directory [E:\backup\classes\102-spring boot\apache-tomcat-10.1.34\webapps\manager] has finished in [177] ms
17-Jan-2025 20:59:35.627 INFO [main] org.apache.catalina.startup.HostConfig.deployDirectory Deploying web application directory [E:\backup\classes\102-spring boot\apache-tomcat-10.1.34\webapps\ROOT]
17-Jan-2025 20:59:35.785 INFO [main] org.apache.catalina.startup.HostConfig.deployDirectory Deployment of web application directory [E:\backup\classes\102-spring boot\apache-tomcat-10.1.34\webapps\ROOT] has finished in [156] ms
17-Jan-2025 20:59:35.797 INFO [main] org.apache.coyote.AbstractProtocol.start Starting ProtocolHandler ["http-nio-8080"]
17-Jan-2025 20:59:35.907 INFO [main] org.apache.catalina.startup.Catalina.start Server startup in [40540] milliseconds
17-Jan-2025 21:07:48.862 INFO [Catalina-utility-1] org.apache.catalina.startup.HostConfig.undeploy Undeploying context [/employee]
17-Jan-2025 21:07:49.428 WARNING [Catalina-utility-1] org.apache.catalina.loader.WebappClassLoaderBase.clearReferencesThreads The web application [employee] appears to have started a thread named [mysql-cj-abandoned-connection-cleanup] but has failed to stop it. This is very likely to create a memory leak. Stack trace of thread:
 java.base@17.0.8/java.lang.Object.wait(Native Method)
 java.base@17.0.8/java.lang.ref.ReferenceQueue.remove(ReferenceQueue.java:155)
 com.mysql.cj.jdbc.AbandonedConnectionCleanupThread.run(AbandonedConnectionCleanupThread.java:84)
 java.base@17.0.8/java.util.concurrent.ThreadPoolExecutor.runWorker(ThreadPoolExecutor.java:1136)
 java.base@17.0.8/java.util.concurrent.ThreadPoolExecutor$Worker.run(ThreadPoolExecutor.java:635)
 java.base@17.0.8/java.lang.Thread.run(Thread.java:833)
17-Jan-2025 21:07:49.696 INFO [Catalina-utility-1] org.apache.catalina.startup.HostConfig.deployWAR Deploying web application archive [E:\backup\classes\102-spring boot\apache-tomcat-10.1.34\webapps\employee.war]
17-Jan-2025 21:07:50.993 INFO [mysql-cj-abandoned-connection-cleanup] org.apache.catalina.loader.WebappClassLoaderBase.checkStateForResourceLoading Illegal access: this web application instance has been stopped already. Could not load []. The following stack trace is thrown for debugging purposes as well as to attempt to terminate the thread which caused the illegal access.
	java.lang.IllegalStateException: Illegal access: this web application instance has been stopped already. Could not load []. The following stack trace is thrown for debugging purposes as well as to attempt to terminate the thread which caused the illegal access.
		at org.apache.catalina.loader.WebappClassLoaderBase.checkStateForResourceLoading(WebappClassLoaderBase.java:1394)
		at org.apache.catalina.loader.WebappClassLoaderBase.getResource(WebappClassLoaderBase.java:985)
		at com.mysql.cj.jdbc.AbandonedConnectionCleanupThread.checkThreadContextClassLoader(AbandonedConnectionCleanupThread.java:116)
		at com.mysql.cj.jdbc.AbandonedConnectionCleanupThread.run(AbandonedConnectionCleanupThread.java:83)
		at java.base/java.util.concurrent.ThreadPoolExecutor.runWorker(ThreadPoolExecutor.java:1136)
		at java.base/java.util.concurrent.ThreadPoolExecutor$Worker.run(ThreadPoolExecutor.java:635)
		at java.base/java.lang.Thread.run(Thread.java:833)
17-Jan-2025 21:08:05.164 INFO [Catalina-utility-1] org.apache.jasper.servlet.TldScanner.scanJars At least one JAR was scanned for TLDs yet contained no TLDs. Enable debug logging for this logger for a complete list of JARs that were scanned but no TLDs were found in them. Skipping unneeded JARs during scanning can improve startup time and JSP compilation time.
17-Jan-2025 21:08:06.478 INFO [Thread-2] org.apache.coyote.AbstractProtocol.pause Pausing ProtocolHandler ["http-nio-8080"]
17-Jan-2025 21:08:07.110 INFO [Thread-2] org.apache.catalina.core.StandardService.stopInternal Stopping service [Catalina]
17-Jan-2025 21:09:28.184 INFO [Catalina-utility-1] org.apache.catalina.startup.HostConfig.deployWAR Deployment of web application archive [E:\backup\classes\102-spring boot\apache-tomcat-10.1.34\webapps\employee.war] has finished in [98,488] ms
17-Jan-2025 21:09:28.286 WARNING [Thread-2] org.apache.catalina.loader.WebappClassLoaderBase.clearReferencesThreads The web application [ROOT] appears to have started a thread named [Catalina-utility-1] but has failed to stop it. This is very likely to create a memory leak. Stack trace of thread:
 java.base@17.0.8/java.util.TreeMap.put(TreeMap.java:795)
 java.base@17.0.8/java.util.TreeMap.put(TreeMap.java:534)
 java.base@17.0.8/java.util.TreeSet.add(TreeSet.java:255)
 java.base@17.0.8/java.util.AbstractCollection.addAll(AbstractCollection.java:336)
 java.base@17.0.8/java.util.TreeSet.addAll(TreeSet.java:309)
 org.apache.catalina.webresources.Cache.backgroundProcess(Cache.java:220)
 org.apache.catalina.webresources.StandardRoot.backgroundProcess(StandardRoot.java:608)
 org.apache.catalina.core.StandardContext.backgroundProcess(StandardContext.java:4807)
 org.apache.catalina.core.ContainerBase$ContainerBackgroundProcessor.processChildren(ContainerBase.java:1172)
 org.apache.catalina.core.ContainerBase$ContainerBackgroundProcessor.processChildren(ContainerBase.java:1176)
 org.apache.catalina.core.ContainerBase$ContainerBackgroundProcessor.processChildren(ContainerBase.java:1176)
 org.apache.catalina.core.ContainerBase$ContainerBackgroundProcessor.run(ContainerBase.java:1154)
 java.base@17.0.8/java.util.concurrent.Executors$RunnableAdapter.call(Executors.java:539)
 java.base@17.0.8/java.util.concurrent.FutureTask.runAndReset(FutureTask.java:305)
 java.base@17.0.8/java.util.concurrent.ScheduledThreadPoolExecutor$ScheduledFutureTask.run(ScheduledThreadPoolExecutor.java:305)
 java.base@17.0.8/java.util.concurrent.ThreadPoolExecutor.runWorker(ThreadPoolExecutor.java:1136)
 java.base@17.0.8/java.util.concurrent.ThreadPoolExecutor$Worker.run(ThreadPoolExecutor.java:635)
 org.apache.tomcat.util.threads.TaskThread$WrappingRunnable.run(TaskThread.java:63)
 java.base@17.0.8/java.lang.Thread.run(Thread.java:833)
17-Jan-2025 21:09:28.676 WARNING [Thread-2] org.apache.catalina.loader.WebappClassLoaderBase.clearReferencesThreads The web application [employee] appears to have started a thread named [mysql-cj-abandoned-connection-cleanup] but has failed to stop it. This is very likely to create a memory leak. Stack trace of thread:
 java.base@17.0.8/java.lang.Object.wait(Native Method)
 java.base@17.0.8/java.lang.ref.ReferenceQueue.remove(ReferenceQueue.java:155)
 com.mysql.cj.jdbc.AbandonedConnectionCleanupThread.run(AbandonedConnectionCleanupThread.java:84)
 java.base@17.0.8/java.util.concurrent.ThreadPoolExecutor.runWorker(ThreadPoolExecutor.java:1136)
 java.base@17.0.8/java.util.concurrent.ThreadPoolExecutor$Worker.run(ThreadPoolExecutor.java:635)
 java.base@17.0.8/java.lang.Thread.run(Thread.java:833)
17-Jan-2025 21:09:28.709 INFO [Thread-2] org.apache.coyote.AbstractProtocol.stop Stopping ProtocolHandler ["http-nio-8080"]
17-Jan-2025 21:09:28.734 INFO [Thread-2] org.apache.coyote.AbstractProtocol.destroy Destroying ProtocolHandler ["http-nio-8080"]
17-Jan-2025 21:09:42.514 INFO [main] org.apache.catalina.startup.VersionLoggerListener.log Server version name:   Apache Tomcat/10.1.34
17-Jan-2025 21:09:42.536 INFO [main] org.apache.catalina.startup.VersionLoggerListener.log Server built:          Dec 5 2024 16:01:16 UTC
17-Jan-2025 21:09:42.548 INFO [main] org.apache.catalina.startup.VersionLoggerListener.log Server version number: 10.1.34.0
17-Jan-2025 21:09:42.550 INFO [main] org.apache.catalina.startup.VersionLoggerListener.log OS Name:               Windows 11
17-Jan-2025 21:09:42.551 INFO [main] org.apache.catalina.startup.VersionLoggerListener.log OS Version:            10.0
17-Jan-2025 21:09:42.558 INFO [main] org.apache.catalina.startup.VersionLoggerListener.log Architecture:          amd64
17-Jan-2025 21:09:42.559 INFO [main] org.apache.catalina.startup.VersionLoggerListener.log Java Home:             G:\Program Files\Java\jdk-17.0.8
17-Jan-2025 21:09:42.568 INFO [main] org.apache.catalina.startup.VersionLoggerListener.log JVM Version:           17.0.8+9-LTS-211
17-Jan-2025 21:09:42.569 INFO [main] org.apache.catalina.startup.VersionLoggerListener.log JVM Vendor:            Oracle Corporation
17-Jan-2025 21:09:42.569 INFO [main] org.apache.catalina.startup.VersionLoggerListener.log CATALINA_BASE:         E:\backup\classes\102-spring boot\apache-tomcat-10.1.34
17-Jan-2025 21:09:42.571 INFO [main] org.apache.catalina.startup.VersionLoggerListener.log CATALINA_HOME:         E:\backup\classes\102-spring boot\apache-tomcat-10.1.34
17-Jan-2025 21:09:42.596 INFO [main] org.apache.catalina.startup.VersionLoggerListener.log Command line argument: -Djava.util.logging.config.file=E:\backup\classes\102-spring boot\apache-tomcat-10.1.34\conf\logging.properties
17-Jan-2025 21:09:42.597 INFO [main] org.apache.catalina.startup.VersionLoggerListener.log Command line argument: -Djava.util.logging.manager=org.apache.juli.ClassLoaderLogManager
17-Jan-2025 21:09:42.598 INFO [main] org.apache.catalina.startup.VersionLoggerListener.log Command line argument: -Djdk.tls.ephemeralDHKeySize=2048
17-Jan-2025 21:09:42.599 INFO [main] org.apache.catalina.startup.VersionLoggerListener.log Command line argument: -Djava.protocol.handler.pkgs=org.apache.catalina.webresources
17-Jan-2025 21:09:42.599 INFO [main] org.apache.catalina.startup.VersionLoggerListener.log Command line argument: --add-opens=java.base/java.lang=ALL-UNNAMED
17-Jan-2025 21:09:42.606 INFO [main] org.apache.catalina.startup.VersionLoggerListener.log Command line argument: --add-opens=java.base/java.io=ALL-UNNAMED
17-Jan-2025 21:09:42.608 INFO [main] org.apache.catalina.startup.VersionLoggerListener.log Command line argument: --add-opens=java.base/java.util=ALL-UNNAMED
17-Jan-2025 21:09:42.609 INFO [main] org.apache.catalina.startup.VersionLoggerListener.log Command line argument: --add-opens=java.base/java.util.concurrent=ALL-UNNAMED
17-Jan-2025 21:09:42.609 INFO [main] org.apache.catalina.startup.VersionLoggerListener.log Command line argument: --add-opens=java.rmi/sun.rmi.transport=ALL-UNNAMED
17-Jan-2025 21:09:42.610 INFO [main] org.apache.catalina.startup.VersionLoggerListener.log Command line argument: -Dcatalina.base=E:\backup\classes\102-spring boot\apache-tomcat-10.1.34
17-Jan-2025 21:09:42.616 INFO [main] org.apache.catalina.startup.VersionLoggerListener.log Command line argument: -Dcatalina.home=E:\backup\classes\102-spring boot\apache-tomcat-10.1.34
17-Jan-2025 21:09:42.619 INFO [main] org.apache.catalina.startup.VersionLoggerListener.log Command line argument: -Djava.io.tmpdir=E:\backup\classes\102-spring boot\apache-tomcat-10.1.34\temp
17-Jan-2025 21:09:42.624 INFO [main] org.apache.catalina.core.AprLifecycleListener.lifecycleEvent Loaded Apache Tomcat Native library [2.0.8] using APR version [1.7.4].
17-Jan-2025 21:09:42.660 INFO [main] org.apache.catalina.core.AprLifecycleListener.initializeSSL OpenSSL successfully initialized [OpenSSL 3.0.14 4 Jun 2024]
17-Jan-2025 21:09:43.777 INFO [main] org.apache.coyote.AbstractProtocol.init Initializing ProtocolHandler ["http-nio-8080"]
17-Jan-2025 21:09:44.049 INFO [main] org.apache.catalina.startup.Catalina.load Server initialization in [2163] milliseconds
17-Jan-2025 21:09:44.225 INFO [main] org.apache.catalina.core.StandardService.startInternal Starting service [Catalina]
17-Jan-2025 21:09:44.227 INFO [main] org.apache.catalina.core.StandardEngine.startInternal Starting Servlet engine: [Apache Tomcat/10.1.34]
17-Jan-2025 21:09:44.289 INFO [main] org.apache.catalina.startup.HostConfig.deployWAR Deploying web application archive [E:\backup\classes\102-spring boot\apache-tomcat-10.1.34\webapps\employee.war]
17-Jan-2025 21:09:54.060 INFO [main] org.apache.jasper.servlet.TldScanner.scanJars At least one JAR was scanned for TLDs yet contained no TLDs. Enable debug logging for this logger for a complete list of JARs that were scanned but no TLDs were found in them. Skipping unneeded JARs during scanning can improve startup time and JSP compilation time.
17-Jan-2025 21:10:23.472 WARNING [main] org.apache.catalina.util.SessionIdGeneratorBase.createSecureRandom Creation of SecureRandom instance for session ID generation using [SHA1PRNG] took [411] milliseconds.
17-Jan-2025 21:10:23.561 INFO [main] org.apache.catalina.startup.HostConfig.deployWAR Deployment of web application archive [E:\backup\classes\102-spring boot\apache-tomcat-10.1.34\webapps\employee.war] has finished in [39,271] ms
17-Jan-2025 21:10:23.568 INFO [main] org.apache.catalina.startup.HostConfig.deployDirectory Deploying web application directory [E:\backup\classes\102-spring boot\apache-tomcat-10.1.34\webapps\docs]
17-Jan-2025 21:10:23.906 INFO [main] org.apache.catalina.startup.HostConfig.deployDirectory Deployment of web application directory [E:\backup\classes\102-spring boot\apache-tomcat-10.1.34\webapps\docs] has finished in [336] ms
17-Jan-2025 21:10:23.907 INFO [main] org.apache.catalina.startup.HostConfig.deployDirectory Deploying web application directory [E:\backup\classes\102-spring boot\apache-tomcat-10.1.34\webapps\examples]
17-Jan-2025 21:10:25.219 INFO [main] org.apache.catalina.startup.HostConfig.deployDirectory Deployment of web application directory [E:\backup\classes\102-spring boot\apache-tomcat-10.1.34\webapps\examples] has finished in [1,309] ms
17-Jan-2025 21:10:25.220 INFO [main] org.apache.catalina.startup.HostConfig.deployDirectory Deploying web application directory [E:\backup\classes\102-spring boot\apache-tomcat-10.1.34\webapps\host-manager]
17-Jan-2025 21:10:25.456 INFO [main] org.apache.catalina.startup.HostConfig.deployDirectory Deployment of web application directory [E:\backup\classes\102-spring boot\apache-tomcat-10.1.34\webapps\host-manager] has finished in [235] ms
17-Jan-2025 21:10:25.458 INFO [main] org.apache.catalina.startup.HostConfig.deployDirectory Deploying web application directory [E:\backup\classes\102-spring boot\apache-tomcat-10.1.34\webapps\manager]
17-Jan-2025 21:10:25.610 INFO [main] org.apache.catalina.startup.HostConfig.deployDirectory Deployment of web application directory [E:\backup\classes\102-spring boot\apache-tomcat-10.1.34\webapps\manager] has finished in [151] ms
17-Jan-2025 21:10:25.618 INFO [main] org.apache.catalina.startup.HostConfig.deployDirectory Deploying web application directory [E:\backup\classes\102-spring boot\apache-tomcat-10.1.34\webapps\ROOT]
17-Jan-2025 21:10:25.872 INFO [main] org.apache.catalina.startup.HostConfig.deployDirectory Deployment of web application directory [E:\backup\classes\102-spring boot\apache-tomcat-10.1.34\webapps\ROOT] has finished in [254] ms
17-Jan-2025 21:10:25.892 INFO [main] org.apache.coyote.AbstractProtocol.start Starting ProtocolHandler ["http-nio-8080"]
17-Jan-2025 21:10:26.006 INFO [main] org.apache.catalina.startup.Catalina.start Server startup in [41949] milliseconds
17-Jan-2025 21:11:26.106 INFO [Catalina-utility-2] org.apache.catalina.startup.HostConfig.undeploy Undeploying context [/employee]
17-Jan-2025 21:11:26.392 WARNING [Catalina-utility-2] org.apache.catalina.loader.WebappClassLoaderBase.clearReferencesThreads The web application [employee] appears to have started a thread named [mysql-cj-abandoned-connection-cleanup] but has failed to stop it. This is very likely to create a memory leak. Stack trace of thread:
 java.base@17.0.8/java.lang.Object.wait(Native Method)
 java.base@17.0.8/java.lang.ref.ReferenceQueue.remove(ReferenceQueue.java:155)
 com.mysql.cj.jdbc.AbandonedConnectionCleanupThread.run(AbandonedConnectionCleanupThread.java:84)
 java.base@17.0.8/java.util.concurrent.ThreadPoolExecutor.runWorker(ThreadPoolExecutor.java:1136)
 java.base@17.0.8/java.util.concurrent.ThreadPoolExecutor$Worker.run(ThreadPoolExecutor.java:635)
 java.base@17.0.8/java.lang.Thread.run(Thread.java:833)
17-Jan-2025 21:11:31.003 INFO [mysql-cj-abandoned-connection-cleanup] org.apache.catalina.loader.WebappClassLoaderBase.checkStateForResourceLoading Illegal access: this web application instance has been stopped already. Could not load []. The following stack trace is thrown for debugging purposes as well as to attempt to terminate the thread which caused the illegal access.
	java.lang.IllegalStateException: Illegal access: this web application instance has been stopped already. Could not load []. The following stack trace is thrown for debugging purposes as well as to attempt to terminate the thread which caused the illegal access.
		at org.apache.catalina.loader.WebappClassLoaderBase.checkStateForResourceLoading(WebappClassLoaderBase.java:1394)
		at org.apache.catalina.loader.WebappClassLoaderBase.getResource(WebappClassLoaderBase.java:985)
		at com.mysql.cj.jdbc.AbandonedConnectionCleanupThread.checkThreadContextClassLoader(AbandonedConnectionCleanupThread.java:116)
		at com.mysql.cj.jdbc.AbandonedConnectionCleanupThread.run(AbandonedConnectionCleanupThread.java:83)
		at java.base/java.util.concurrent.ThreadPoolExecutor.runWorker(ThreadPoolExecutor.java:1136)
		at java.base/java.util.concurrent.ThreadPoolExecutor$Worker.run(ThreadPoolExecutor.java:635)
		at java.base/java.lang.Thread.run(Thread.java:833)
17-Jan-2025 21:12:06.629 INFO [Catalina-utility-2] org.apache.catalina.startup.HostConfig.deployWAR Deploying web application archive [E:\backup\classes\102-spring boot\apache-tomcat-10.1.34\webapps\employye.war]
17-Jan-2025 21:12:18.946 INFO [Catalina-utility-2] org.apache.jasper.servlet.TldScanner.scanJars At least one JAR was scanned for TLDs yet contained no TLDs. Enable debug logging for this logger for a complete list of JARs that were scanned but no TLDs were found in them. Skipping unneeded JARs during scanning can improve startup time and JSP compilation time.
17-Jan-2025 21:12:36.450 INFO [Catalina-utility-2] org.apache.catalina.startup.HostConfig.deployWAR Deployment of web application archive [E:\backup\classes\102-spring boot\apache-tomcat-10.1.34\webapps\employye.war] has finished in [29,820] ms
